# JRE version: Java(TM) SE Runtime Environment (17.0.12+8) (build 17.0.12+8-LTS-286)
# Java VM: Java HotSpot(TM) 64-Bit Server VM (17.0.12+8-LTS-286, mixed mode, sharing, tiered, compressed oops, compressed class ptrs, g1 gc, windows-amd64)
GC Precious Log:
 CPUs: 8 total, 8 available
 Memory: 8113M
 Large Page Support: Disabled
 NUMA Support: Disabled
 Compressed Oops: Enabled (32-bit)
 Heap Region Size: 1M
 Heap Min Capacity: 8M
 Heap Initial Capacity: 128M
 Heap Max Capacity: 2030M
 Pre-touch: Disabled
 Parallel Workers: 8
 Concurrent Workers: 2
 Concurrent Refinement Workers: 8
 Periodic GC: Disabled
Heap:
 garbage-first heap   total 107520K, used 50012K [0x0000000081200000, 0x0000000100000000)
  region size 1024K, 12 young (12288K), 2 survivors (2048K)
 Metaspace       used 71958K, committed 72640K, reserved 1114112K
  class space    used 9758K, committed 10112K, reserved 1048576K
GC Heap History (20 events):
Event: 6.548 GC heap before
{Heap before GC invocations=14 (full 0):
 garbage-first heap   total 58368K, used 46246K [0x0000000081200000, 0x0000000100000000)
  region size 1024K, 22 young (22528K), 3 survivors (3072K)
 Metaspace       used 59315K, committed 59904K, reserved 1114112K
  class space    used 8082K, committed 8384K, reserved 1048576K
}
Event: 6.552 GC heap after
{Heap after GC invocations=15 (full 0):
 garbage-first heap   total 58368K, used 28434K [0x0000000081200000, 0x0000000100000000)
  region size 1024K, 2 young (2048K), 2 survivors (2048K)
 Metaspace       used 59315K, committed 59904K, reserved 1114112K
  class space    used 8082K, committed 8384K, reserved 1048576K
}
Event: 6.725 GC heap before
{Heap before GC invocations=15 (full 0):
 garbage-first heap   total 58368K, used 40722K [0x0000000081200000, 0x0000000100000000)
  region size 1024K, 15 young (15360K), 2 survivors (2048K)
 Metaspace       used 59853K, committed 60416K, reserved 1114112K
  class space    used 8115K, committed 8384K, reserved 1048576K
}
Event: 6.727 GC heap after
{Heap after GC invocations=16 (full 0):
 garbage-first heap   total 58368K, used 29012K [0x0000000081200000, 0x0000000100000000)
  region size 1024K, 1 young (1024K), 1 survivors (1024K)
 Metaspace       used 59853K, committed 60416K, reserved 1114112K
  class space    used 8115K, committed 8384K, reserved 1048576K
}
Event: 7.064 GC heap before
{Heap before GC invocations=17 (full 0):
 garbage-first heap   total 58368K, used 47444K [0x0000000081200000, 0x0000000100000000)
  region size 1024K, 19 young (19456K), 1 survivors (1024K)
 Metaspace       used 60865K, committed 61440K, reserved 1114112K
  class space    used 8286K, committed 8576K, reserved 1048576K
}
Event: 7.067 GC heap after
{Heap after GC invocations=18 (full 0):
 garbage-first heap   total 58368K, used 30581K [0x0000000081200000, 0x0000000100000000)
  region size 1024K, 3 young (3072K), 3 survivors (3072K)
 Metaspace       used 60865K, committed 61440K, reserved 1114112K
  class space    used 8286K, committed 8576K, reserved 1048576K
}
Event: 7.425 GC heap before
{Heap before GC invocations=18 (full 0):
 garbage-first heap   total 58368K, used 46965K [0x0000000081200000, 0x0000000100000000)
  region size 1024K, 19 young (19456K), 3 survivors (3072K)
 Metaspace       used 63034K, committed 63680K, reserved 1114112K
  class space    used 8579K, committed 8896K, reserved 1048576K
}
Event: 7.429 GC heap after
{Heap after GC invocations=19 (full 0):
 garbage-first heap   total 58368K, used 32082K [0x0000000081200000, 0x0000000100000000)
  region size 1024K, 2 young (2048K), 2 survivors (2048K)
 Metaspace       used 63034K, committed 63680K, reserved 1114112K
  class space    used 8579K, committed 8896K, reserved 1048576K
}
Event: 8.519 GC heap before
{Heap before GC invocations=20 (full 0):
 garbage-first heap   total 58368K, used 46418K [0x0000000081200000, 0x0000000100000000)
  region size 1024K, 16 young (16384K), 2 survivors (2048K)
 Metaspace       used 66626K, committed 67264K, reserved 1114112K
  class space    used 9077K, committed 9344K, reserved 1048576K
}
Event: 8.521 GC heap after
{Heap after GC invocations=21 (full 0):
 garbage-first heap   total 58368K, used 34848K [0x0000000081200000, 0x0000000100000000)
  region size 1024K, 2 young (2048K), 2 survivors (2048K)
 Metaspace       used 66626K, committed 67264K, reserved 1114112K
  class space    used 9077K, committed 9344K, reserved 1048576K
}
Event: 8.544 GC heap before
{Heap before GC invocations=21 (full 0):
 garbage-first heap   total 58368K, used 35872K [0x0000000081200000, 0x0000000100000000)
  region size 1024K, 3 young (3072K), 2 survivors (2048K)
 Metaspace       used 66893K, committed 67520K, reserved 1114112K
  class space    used 9120K, committed 9408K, reserved 1048576K
}
Event: 8.548 GC heap after
{Heap after GC invocations=22 (full 0):
 garbage-first heap   total 58368K, used 34804K [0x0000000081200000, 0x0000000100000000)
  region size 1024K, 1 young (1024K), 1 survivors (1024K)
 Metaspace       used 66893K, committed 67520K, reserved 1114112K
  class space    used 9120K, committed 9408K, reserved 1048576K
}
Event: 8.560 GC heap before
{Heap before GC invocations=22 (full 0):
 garbage-first heap   total 58368K, used 34804K [0x0000000081200000, 0x0000000100000000)
  region size 1024K, 3 young (3072K), 1 survivors (1024K)
 Metaspace       used 67075K, committed 67712K, reserved 1114112K
  class space    used 9138K, committed 9408K, reserved 1048576K
}
Event: 8.562 GC heap after
{Heap after GC invocations=23 (full 0):
 garbage-first heap   total 58368K, used 35463K [0x0000000081200000, 0x0000000100000000)
  region size 1024K, 1 young (1024K), 1 survivors (1024K)
 Metaspace       used 67075K, committed 67712K, reserved 1114112K
  class space    used 9138K, committed 9408K, reserved 1048576K
}
Event: 8.800 GC heap before
{Heap before GC invocations=24 (full 0):
 garbage-first heap   total 65536K, used 46727K [0x0000000081200000, 0x0000000100000000)
  region size 1024K, 11 young (11264K), 1 survivors (1024K)
 Metaspace       used 69067K, committed 69632K, reserved 1114112K
  class space    used 9417K, committed 9664K, reserved 1048576K
}
Event: 8.802 GC heap after
{Heap after GC invocations=25 (full 0):
 garbage-first heap   total 65536K, used 38609K [0x0000000081200000, 0x0000000100000000)
  region size 1024K, 2 young (2048K), 2 survivors (2048K)
 Metaspace       used 69067K, committed 69632K, reserved 1114112K
  class space    used 9417K, committed 9664K, reserved 1048576K
}
Event: 8.828 GC heap before
{Heap before GC invocations=25 (full 0):
 garbage-first heap   total 65536K, used 38609K [0x0000000081200000, 0x0000000100000000)
  region size 1024K, 3 young (3072K), 2 survivors (2048K)
 Metaspace       used 69289K, committed 69952K, reserved 1114112K
  class space    used 9442K, committed 9728K, reserved 1048576K
}
Event: 8.830 GC heap after
{Heap after GC invocations=26 (full 0):
 garbage-first heap   total 65536K, used 38283K [0x0000000081200000, 0x0000000100000000)
  region size 1024K, 1 young (1024K), 1 survivors (1024K)
 Metaspace       used 69289K, committed 69952K, reserved 1114112K
  class space    used 9442K, committed 9728K, reserved 1048576K
}
Event: 10.817 GC heap before
{Heap before GC invocations=26 (full 0):
 garbage-first heap   total 65536K, used 46475K [0x0000000081200000, 0x0000000100000000)
  region size 1024K, 11 young (11264K), 1 survivors (1024K)
 Metaspace       used 71062K, committed 71744K, reserved 1114112K
  class space    used 9655K, committed 9984K, reserved 1048576K
}
Event: 10.820 GC heap after
{Heap after GC invocations=27 (full 0):
 garbage-first heap   total 107520K, used 39772K [0x0000000081200000, 0x0000000100000000)
  region size 1024K, 2 young (2048K), 2 survivors (2048K)
 Metaspace       used 71062K, committed 71744K, reserved 1114112K
  class space    used 9655K, committed 9984K, reserved 1048576K
}

