# JRE version: Java(TM) SE Runtime Environment (17.0.12+8) (build 17.0.12+8-LTS-286)
# Java VM: Java HotSpot(TM) 64-Bit Server VM (17.0.12+8-LTS-286, mixed mode, sharing, tiered, compressed oops, compressed class ptrs, g1 gc, windows-amd64)
GC Precious Log:
 CPUs: 8 total, 8 available
 Memory: 8113M
 Large Page Support: Disabled
 NUMA Support: Disabled
 Compressed Oops: Enabled (32-bit)
 Heap Region Size: 1M
 Heap Min Capacity: 256M
 Heap Initial Capacity: 256M
 Heap Max Capacity: 512M
 Pre-touch: Disabled
 Parallel Workers: 8
 Concurrent Workers: 2
 Concurrent Refinement Workers: 8
 Periodic GC: Disabled
Heap:
 garbage-first heap   total 262144K, used 157204K [0x00000000e0000000, 0x0000000100000000)
  region size 1024K, 124 young (126976K), 20 survivors (20480K)
 Metaspace       used 58885K, committed 59584K, reserved 393216K
  class space    used 8247K, committed 8576K, reserved 327680K
GC Heap History (14 events):
Event: 0.399 GC heap before
{Heap before GC invocations=0 (full 0):
 garbage-first heap   total 262144K, used 22528K [0x00000000e0000000, 0x0000000100000000)
  region size 1024K, 23 young (23552K), 0 survivors (0K)
 Metaspace       used 1111K, committed 1280K, reserved 393216K
  class space    used 78K, committed 128K, reserved 327680K
}
Event: 0.401 GC heap after
{Heap after GC invocations=1 (full 0):
 garbage-first heap   total 262144K, used 2645K [0x00000000e0000000, 0x0000000100000000)
  region size 1024K, 3 young (3072K), 3 survivors (3072K)
 Metaspace       used 1111K, committed 1280K, reserved 393216K
  class space    used 78K, committed 128K, reserved 327680K
}
Event: 0.943 GC heap before
{Heap before GC invocations=1 (full 0):
 garbage-first heap   total 262144K, used 38485K [0x00000000e0000000, 0x0000000100000000)
  region size 1024K, 36 young (36864K), 3 survivors (3072K)
 Metaspace       used 4414K, committed 4608K, reserved 393216K
  class space    used 553K, committed 640K, reserved 327680K
}
Event: 0.947 GC heap after
{Heap after GC invocations=2 (full 0):
 garbage-first heap   total 262144K, used 11469K [0x00000000e0000000, 0x0000000100000000)
  region size 1024K, 5 young (5120K), 5 survivors (5120K)
 Metaspace       used 4414K, committed 4608K, reserved 393216K
  class space    used 553K, committed 640K, reserved 327680K
}
Event: 1.966 GC heap before
{Heap before GC invocations=2 (full 0):
 garbage-first heap   total 262144K, used 57549K [0x00000000e0000000, 0x0000000100000000)
  region size 1024K, 48 young (49152K), 5 survivors (5120K)
 Metaspace       used 4658K, committed 4864K, reserved 393216K
  class space    used 581K, committed 704K, reserved 327680K
}
Event: 1.982 GC heap after
{Heap after GC invocations=3 (full 0):
 garbage-first heap   total 262144K, used 16363K [0x00000000e0000000, 0x0000000100000000)
  region size 1024K, 4 young (4096K), 4 survivors (4096K)
 Metaspace       used 4658K, committed 4864K, reserved 393216K
  class space    used 581K, committed 704K, reserved 327680K
}
Event: 5.239 GC heap before
{Heap before GC invocations=3 (full 0):
 garbage-first heap   total 262144K, used 126955K [0x00000000e0000000, 0x0000000100000000)
  region size 1024K, 113 young (115712K), 4 survivors (4096K)
 Metaspace       used 21150K, committed 21504K, reserved 393216K
  class space    used 3105K, committed 3328K, reserved 327680K
}
Event: 5.248 GC heap after
{Heap after GC invocations=4 (full 0):
 garbage-first heap   total 262144K, used 24084K [0x00000000e0000000, 0x0000000100000000)
  region size 1024K, 12 young (12288K), 12 survivors (12288K)
 Metaspace       used 21150K, committed 21504K, reserved 393216K
  class space    used 3105K, committed 3328K, reserved 327680K
}
Event: 6.838 GC heap before
{Heap before GC invocations=5 (full 0):
 garbage-first heap   total 262144K, used 144916K [0x00000000e0000000, 0x0000000100000000)
  region size 1024K, 127 young (130048K), 12 survivors (12288K)
 Metaspace       used 35650K, committed 36096K, reserved 393216K
  class space    used 4970K, committed 5184K, reserved 327680K
}
Event: 6.852 GC heap after
{Heap after GC invocations=6 (full 0):
 garbage-first heap   total 262144K, used 33090K [0x00000000e0000000, 0x0000000100000000)
  region size 1024K, 17 young (17408K), 17 survivors (17408K)
 Metaspace       used 35650K, committed 36096K, reserved 393216K
  class space    used 4970K, committed 5184K, reserved 327680K
}
Event: 8.776 GC heap before
{Heap before GC invocations=7 (full 0):
 garbage-first heap   total 262144K, used 173378K [0x00000000e0000000, 0x0000000100000000)
  region size 1024K, 153 young (156672K), 17 survivors (17408K)
 Metaspace       used 48911K, committed 49472K, reserved 393216K
  class space    used 6908K, committed 7168K, reserved 327680K
}
Event: 8.792 GC heap after
{Heap after GC invocations=8 (full 0):
 garbage-first heap   total 262144K, used 39264K [0x00000000e0000000, 0x0000000100000000)
  region size 1024K, 16 young (16384K), 16 survivors (16384K)
 Metaspace       used 48911K, committed 49472K, reserved 393216K
  class space    used 6908K, committed 7168K, reserved 327680K
}
Event: 10.231 GC heap before
{Heap before GC invocations=8 (full 0):
 garbage-first heap   total 262144K, used 179552K [0x00000000e0000000, 0x0000000100000000)
  region size 1024K, 153 young (156672K), 16 survivors (16384K)
 Metaspace       used 55973K, committed 56704K, reserved 393216K
  class space    used 7889K, committed 8192K, reserved 327680K
}
Event: 10.249 GC heap after
{Heap after GC invocations=9 (full 0):
 garbage-first heap   total 262144K, used 51732K [0x00000000e0000000, 0x0000000100000000)
  region size 1024K, 20 young (20480K), 20 survivors (20480K)
 Metaspace       used 55973K, committed 56704K, reserved 393216K
  class space    used 7889K, committed 8192K, reserved 327680K
}

