# JRE version: Java(TM) SE Runtime Environment (17.0.12+8) (build 17.0.12+8-LTS-286)
# Java VM: Java HotSpot(TM) 64-Bit Server VM (17.0.12+8-LTS-286, mixed mode, sharing, tiered, compressed oops, compressed class ptrs, g1 gc, windows-amd64)
GC Precious Log:
 CPUs: 8 total, 8 available
 Memory: 8113M
 Large Page Support: Disabled
 NUMA Support: Disabled
 Compressed Oops: Enabled (32-bit)
 Heap Region Size: 1M
 Heap Min Capacity: 256M
 Heap Initial Capacity: 256M
 Heap Max Capacity: 512M
 Pre-touch: Disabled
 Parallel Workers: 8
 Concurrent Workers: 2
 Concurrent Refinement Workers: 8
 Periodic GC: Disabled
Heap:
 garbage-first heap   total 378880K, used 275083K [0x00000000e0000000, 0x0000000100000000)
  region size 1024K, 181 young (185344K), 7 survivors (7168K)
 Metaspace       used 80807K, committed 84352K, reserved 458752K
  class space    used 10522K, committed 11520K, reserved 327680K
GC Heap History (20 events):
Event: 12180.582 GC heap before
{Heap before GC invocations=65 (full 0):
 garbage-first heap   total 362496K, used 285457K [0x00000000e0000000, 0x0000000100000000)
  region size 1024K, 199 young (203776K), 3 survivors (3072K)
 Metaspace       used 82394K, committed 83904K, reserved 458752K
  class space    used 10794K, committed 11520K, reserved 327680K
}
Event: 12180.594 GC heap after
{Heap after GC invocations=66 (full 0):
 garbage-first heap   total 362496K, used 96310K [0x00000000e0000000, 0x0000000100000000)
  region size 1024K, 13 young (13312K), 13 survivors (13312K)
 Metaspace       used 82394K, committed 83904K, reserved 458752K
  class space    used 10794K, committed 11520K, reserved 327680K
}
Event: 12446.619 GC heap before
{Heap before GC invocations=67 (full 0):
 garbage-first heap   total 358400K, used 290870K [0x00000000e0000000, 0x0000000100000000)
  region size 1024K, 203 young (207872K), 13 survivors (13312K)
 Metaspace       used 81114K, committed 83904K, reserved 458752K
  class space    used 10622K, committed 11520K, reserved 327680K
}
Event: 12446.685 GC heap after
{Heap after GC invocations=68 (full 0):
 garbage-first heap   total 358400K, used 109406K [0x00000000e0000000, 0x0000000100000000)
  region size 1024K, 25 young (25600K), 25 survivors (25600K)
 Metaspace       used 81114K, committed 83904K, reserved 458752K
  class space    used 10622K, committed 11520K, reserved 327680K
}
Event: 12446.702 GC heap before
{Heap before GC invocations=68 (full 0):
 garbage-first heap   total 358400K, used 110430K [0x00000000e0000000, 0x0000000100000000)
  region size 1024K, 26 young (26624K), 25 survivors (25600K)
 Metaspace       used 81115K, committed 83904K, reserved 458752K
  class space    used 10622K, committed 11520K, reserved 327680K
}
Event: 12446.807 GC heap after
{Heap after GC invocations=69 (full 0):
 garbage-first heap   total 358400K, used 103013K [0x00000000e0000000, 0x0000000100000000)
  region size 1024K, 2 young (2048K), 2 survivors (2048K)
 Metaspace       used 81115K, committed 83904K, reserved 458752K
  class space    used 10622K, committed 11520K, reserved 327680K
}
Event: 13508.274 GC heap before
{Heap before GC invocations=69 (full 0):
 garbage-first heap   total 358400K, used 279141K [0x00000000e0000000, 0x0000000100000000)
  region size 1024K, 175 young (179200K), 2 survivors (2048K)
 Metaspace       used 82503K, committed 83968K, reserved 458752K
  class space    used 10792K, committed 11520K, reserved 327680K
}
Event: 13508.327 GC heap after
{Heap after GC invocations=70 (full 0):
 garbage-first heap   total 358400K, used 109471K [0x00000000e0000000, 0x0000000100000000)
  region size 1024K, 9 young (9216K), 9 survivors (9216K)
 Metaspace       used 82503K, committed 83968K, reserved 458752K
  class space    used 10792K, committed 11520K, reserved 327680K
}
Event: 13578.641 GC heap before
{Heap before GC invocations=71 (full 0):
 garbage-first heap   total 358400K, used 283551K [0x00000000e0000000, 0x0000000100000000)
  region size 1024K, 179 young (183296K), 9 survivors (9216K)
 Metaspace       used 83706K, committed 84992K, reserved 458752K
  class space    used 10911K, committed 11520K, reserved 327680K
}
Event: 13578.662 GC heap after
{Heap after GC invocations=72 (full 0):
 garbage-first heap   total 358400K, used 114839K [0x00000000e0000000, 0x0000000100000000)
  region size 1024K, 13 young (13312K), 13 survivors (13312K)
 Metaspace       used 83706K, committed 84992K, reserved 458752K
  class space    used 10911K, committed 11520K, reserved 327680K
}
Event: 13578.685 GC heap before
{Heap before GC invocations=72 (full 0):
 garbage-first heap   total 358400K, used 117911K [0x00000000e0000000, 0x0000000100000000)
  region size 1024K, 17 young (17408K), 13 survivors (13312K)
 Metaspace       used 83707K, committed 84992K, reserved 458752K
  class space    used 10911K, committed 11520K, reserved 327680K
}
Event: 13578.760 GC heap after
{Heap after GC invocations=73 (full 0):
 garbage-first heap   total 358400K, used 94234K [0x00000000e0000000, 0x0000000100000000)
  region size 1024K, 2 young (2048K), 2 survivors (2048K)
 Metaspace       used 83707K, committed 84992K, reserved 458752K
  class space    used 10911K, committed 11520K, reserved 327680K
}
Event: 13579.229 GC heap before
{Heap before GC invocations=73 (full 0):
 garbage-first heap   total 358400K, used 168986K [0x00000000e0000000, 0x0000000100000000)
  region size 1024K, 77 young (78848K), 2 survivors (2048K)
 Metaspace       used 83801K, committed 85056K, reserved 458752K
  class space    used 10922K, committed 11520K, reserved 327680K
}
Event: 13579.236 GC heap after
{Heap after GC invocations=74 (full 0):
 garbage-first heap   total 358400K, used 103802K [0x00000000e0000000, 0x0000000100000000)
  region size 1024K, 11 young (11264K), 11 survivors (11264K)
 Metaspace       used 83801K, committed 85056K, reserved 458752K
  class space    used 10922K, committed 11520K, reserved 327680K
}
Event: 13802.701 GC heap before
{Heap before GC invocations=75 (full 0):
 garbage-first heap   total 358400K, used 280954K [0x00000000e0000000, 0x0000000100000000)
  region size 1024K, 184 young (188416K), 11 survivors (11264K)
 Metaspace       used 82193K, committed 84352K, reserved 458752K
  class space    used 10703K, committed 11520K, reserved 327680K
}
Event: 13802.722 GC heap after
{Heap after GC invocations=76 (full 0):
 garbage-first heap   total 358400K, used 108108K [0x00000000e0000000, 0x0000000100000000)
  region size 1024K, 15 young (15360K), 15 survivors (15360K)
 Metaspace       used 82193K, committed 84352K, reserved 458752K
  class space    used 10703K, committed 11520K, reserved 327680K
}
Event: 13802.736 GC heap before
{Heap before GC invocations=76 (full 0):
 garbage-first heap   total 358400K, used 110156K [0x00000000e0000000, 0x0000000100000000)
  region size 1024K, 17 young (17408K), 15 survivors (15360K)
 Metaspace       used 82193K, committed 84352K, reserved 458752K
  class space    used 10703K, committed 11520K, reserved 327680K
}
Event: 13802.770 GC heap after
{Heap after GC invocations=77 (full 0):
 garbage-first heap   total 358400K, used 94507K [0x00000000e0000000, 0x0000000100000000)
  region size 1024K, 2 young (2048K), 2 survivors (2048K)
 Metaspace       used 82193K, committed 84352K, reserved 458752K
  class space    used 10703K, committed 11520K, reserved 327680K
}
Event: 13986.134 GC heap before
{Heap before GC invocations=77 (full 0):
 garbage-first heap   total 358400K, used 279851K [0x00000000e0000000, 0x0000000100000000)
  region size 1024K, 184 young (188416K), 2 survivors (2048K)
 Metaspace       used 82320K, committed 84416K, reserved 458752K
  class space    used 10708K, committed 11520K, reserved 327680K
}
Event: 13986.141 GC heap after
{Heap after GC invocations=78 (full 0):
 garbage-first heap   total 424960K, used 98955K [0x00000000e0000000, 0x0000000100000000)
  region size 1024K, 7 young (7168K), 7 survivors (7168K)
 Metaspace       used 82320K, committed 84416K, reserved 458752K
  class space    used 10708K, committed 11520K, reserved 327680K
}

